0 info it worked if it ends with ok
1 verbose cli [ 'D:\\Program Files\\nodejs\\\\node.exe',
1 verbose cli   'D:\\Program Files\\nodejs\\node_modules\\npm\\bin\\npm-cli.js',
1 verbose cli   'install',
1 verbose cli   'express@4.4.9',
1 verbose cli   '--save' ]
2 info using npm@1.4.28
3 info using node@v0.10.32
4 verbose node symlink D:\Program Files\nodejs\\node.exe
5 warn package.json dirty@0.9.9 No repository field.
6 verbose readDependencies using package.json deps
7 verbose cache add [ 'express@4.4.9', null ]
8 verbose cache add name=undefined spec="express@4.4.9" args=["express@4.4.9",null]
9 verbose parsed url { protocol: null,
9 verbose parsed url   slashes: null,
9 verbose parsed url   auth: null,
9 verbose parsed url   host: null,
9 verbose parsed url   port: null,
9 verbose parsed url   hostname: null,
9 verbose parsed url   hash: null,
9 verbose parsed url   search: null,
9 verbose parsed url   query: null,
9 verbose parsed url   pathname: 'express@4.4.9',
9 verbose parsed url   path: 'express@4.4.9',
9 verbose parsed url   href: 'express@4.4.9' }
10 verbose cache add name="express" spec="4.4.9" args=["express","4.4.9"]
11 verbose parsed url { protocol: null,
11 verbose parsed url   slashes: null,
11 verbose parsed url   auth: null,
11 verbose parsed url   host: null,
11 verbose parsed url   port: null,
11 verbose parsed url   hostname: null,
11 verbose parsed url   hash: null,
11 verbose parsed url   search: null,
11 verbose parsed url   query: null,
11 verbose parsed url   pathname: '4.4.9',
11 verbose parsed url   path: '4.4.9',
11 verbose parsed url   href: '4.4.9' }
12 verbose addNamed [ 'express', '4.4.9' ]
13 verbose addNamed [ '4.4.9', '4.4.9' ]
14 silly lockFile 1e505792-express-4-4-9 express@4.4.9
15 verbose lock express@4.4.9 C:\Users\chazelton\AppData\Roaming\npm-cache\1e505792-express-4-4-9.lock
16 verbose request where is /express
17 verbose request registry https://registry.npmjs.org/
18 verbose request id 6631fdaac4f08deb
19 verbose url raw /express
20 verbose url resolving [ 'https://registry.npmjs.org/', './express' ]
21 verbose url resolved https://registry.npmjs.org/express
22 verbose request where is https://registry.npmjs.org/express
23 info trying registry request attempt 1 at 12:05:32
24 verbose etag "EBLMBTC8RK3ZNKKMP7G4S10E4"
25 http GET https://registry.npmjs.org/express
26 http 304 https://registry.npmjs.org/express
27 silly registry.get cb [ 304,
27 silly registry.get   { date: 'Wed, 29 Oct 2014 19:05:36 GMT',
27 silly registry.get     server: 'Apache',
27 silly registry.get     via: '1.1 varnish',
27 silly registry.get     'last-modified': 'Wed, 29 Oct 2014 19:05:36 GMT',
27 silly registry.get     'cache-control': 'max-age=60',
27 silly registry.get     etag: '"EBLMBTC8RK3ZNKKMP7G4S10E4"',
27 silly registry.get     age: '0',
27 silly registry.get     'x-served-by': 'cache-lax1421-LAX',
27 silly registry.get     'x-cache': 'HIT',
27 silly registry.get     'x-cache-hits': '1',
27 silly registry.get     'x-timer': 'S1414609536.651580,VS0,VE73',
27 silly registry.get     vary: 'Accept',
27 silly registry.get     'content-length': '0',
27 silly registry.get     'keep-alive': 'timeout=10, max=50',
27 silly registry.get     connection: 'Keep-Alive' } ]
28 verbose etag https://registry.npmjs.org/express from cache
29 silly lockFile 1e505792-express-4-4-9 express@4.4.9
30 silly lockFile 1e505792-express-4-4-9 express@4.4.9
31 error Error: version not found: express@4.4.9
31 error     at D:\Program Files\nodejs\node_modules\npm\lib\cache\add-named.js:125:12
31 error     at saved (D:\Program Files\nodejs\node_modules\npm\node_modules\npm-registry-client\lib\get.js:167:7)
31 error     at Object.oncomplete (fs.js:107:15)
32 error If you need help, you may report this *entire* log,
32 error including the npm and node versions, at:
32 error     <http://github.com/npm/npm/issues>
33 error System Windows_NT 6.2.9200
34 error command "D:\\Program Files\\nodejs\\\\node.exe" "D:\\Program Files\\nodejs\\node_modules\\npm\\bin\\npm-cli.js" "install" "express@4.4.9" "--save"
35 error cwd D:\Projects\WebNode\stukko
36 error node -v v0.10.32
37 error npm -v 1.4.28
38 verbose exit [ 1, true ]
